2023-03-31 17:19:35,400 INFO org.springframework.boot.StartupInfoLogger [main] Starting ComponentApplication using Java 1.8.0_191 on DESKTOP-TEV2BSO with PID 3984 (C:\Users\Oussama\IdeaProjects\ComponentSpring\target\classes started by Oussama in C:\Users\Oussama\IdeaProjects\ComponentSpring)
2023-03-31 17:19:35,406 DEBUG org.springframework.boot.StartupInfoLogger [main] Running with Spring Boot v2.5.1, Spring v5.3.8
2023-03-31 17:19:35,406 INFO org.springframework.boot.SpringApplication [main] The following profiles are active: prd
2023-03-31 17:19:37,408 INFO org.springframework.data.repository.config.RepositoryConfigurationDelegate [main] Bootstrapping Spring Data JPA repositories in DEFAULT mode.
2023-03-31 17:19:37,519 INFO org.springframework.data.repository.config.RepositoryConfigurationDelegate [main] Finished Spring Data repository scanning in 92 ms. Found 1 JPA repository interfaces.
2023-03-31 17:19:39,579 INFO org.springframework.boot.web.embedded.tomcat.TomcatWebServer [main] Tomcat initialized with port(s): 8082 (http)
2023-03-31 17:19:39,602 INFO org.apache.juli.logging.DirectJDKLog [main] Initializing ProtocolHandler ["http-nio-8082"]
2023-03-31 17:19:39,603 INFO org.apache.juli.logging.DirectJDKLog [main] Starting service [Tomcat]
2023-03-31 17:19:39,603 INFO org.apache.juli.logging.DirectJDKLog [main] Starting Servlet engine: [Apache Tomcat/9.0.46]
2023-03-31 17:19:39,882 INFO org.apache.juli.logging.DirectJDKLog [main] Initializing Spring embedded WebApplicationContext
2023-03-31 17:19:39,883 INFO org.springframework.boot.web.servlet.context.ServletWebServerApplicationContext [main] Root WebApplicationContext: initialization completed in 4275 ms
2023-03-31 17:19:40,031 INFO com.zaxxer.hikari.HikariDataSource [main] HikariPool-1 - Starting...
2023-03-31 17:19:40,581 INFO com.zaxxer.hikari.pool.PoolBase [main] HikariPool-1 - Driver does not support get/set network timeout for connections. (com.mysql.jdbc.JDBC4Connection.getNetworkTimeout()I)
2023-03-31 17:19:40,586 INFO com.zaxxer.hikari.HikariDataSource [main] HikariPool-1 - Start completed.
2023-03-31 17:19:45,021 INFO org.springframework.orm.jpa.AbstractEntityManagerFactoryBean [main] Initialized JPA EntityManagerFactory for persistence unit 'default'
2023-03-31 17:19:46,307 WARN org.springframework.boot.autoconfigure.orm.jpa.JpaBaseConfiguration$JpaWebConfiguration [main] spring.jpa.open-in-view is enabled by default. Therefore, database queries may be performed during view rendering. Explicitly configure spring.jpa.open-in-view to disable this warning
2023-03-31 17:19:46,481 DEBUG org.springframework.web.servlet.handler.AbstractHandlerMethodMapping [main] 12 mappings in 'requestMappingHandlerMapping'
2023-03-31 17:19:46,952 DEBUG org.springframework.web.servlet.mvc.method.annotation.RequestMappingHandlerAdapter [main] ControllerAdvice beans: 0 @ModelAttribute, 0 @InitBinder, 1 RequestBodyAdvice, 1 ResponseBodyAdvice
2023-03-31 17:19:47,018 DEBUG org.springframework.web.servlet.handler.SimpleUrlHandlerMapping [main] Patterns [/swagger-ui/] in 'viewControllerHandlerMapping'
2023-03-31 17:19:47,147 DEBUG org.springframework.web.servlet.handler.SimpleUrlHandlerMapping [main] Patterns [/webjars/**, /**, /swagger-ui/**] in 'resourceHandlerMapping'
2023-03-31 17:19:47,178 DEBUG org.springframework.web.servlet.mvc.method.annotation.ExceptionHandlerExceptionResolver [main] ControllerAdvice beans: 0 @ExceptionHandler, 1 ResponseBodyAdvice
2023-03-31 17:19:47,959 INFO org.apache.juli.logging.DirectJDKLog [main] Starting ProtocolHandler ["http-nio-8082"]
2023-03-31 17:19:48,017 INFO org.springframework.boot.web.embedded.tomcat.TomcatWebServer [main] Tomcat started on port(s): 8082 (http) with context path ''
2023-03-31 17:19:48,816 INFO org.springframework.boot.StartupInfoLogger [main] Started ComponentApplication in 14.383 seconds (JVM running for 16.137)
2023-03-31 17:19:48,840 INFO ma.pfe.ComponentApplication [main] Access URLs:
----------------------------------------------------------
	Local: 		http://127.0.0.1:8082/swagger-ui/#/
	External: 	http://192.168.93.1:8082/swagger-ui/#/
----------------------------------------------------------
2023-03-31 17:19:50,644 INFO org.apache.juli.logging.DirectJDKLog [http-nio-8082-exec-1] Initializing Spring DispatcherServlet 'dispatcherServlet'
2023-03-31 17:19:50,644 INFO org.springframework.web.servlet.FrameworkServlet [http-nio-8082-exec-1] Initializing Servlet 'dispatcherServlet'
2023-03-31 17:19:50,645 DEBUG org.springframework.web.servlet.DispatcherServlet [http-nio-8082-exec-1] Detected StandardServletMultipartResolver
2023-03-31 17:19:50,645 DEBUG org.springframework.web.servlet.DispatcherServlet [http-nio-8082-exec-1] Detected AcceptHeaderLocaleResolver
2023-03-31 17:19:50,646 DEBUG org.springframework.web.servlet.DispatcherServlet [http-nio-8082-exec-1] Detected FixedThemeResolver
2023-03-31 17:19:50,648 DEBUG org.springframework.web.servlet.DispatcherServlet [http-nio-8082-exec-1] Detected org.springframework.web.servlet.view.DefaultRequestToViewNameTranslator@2fdf7da2
2023-03-31 17:19:50,650 DEBUG org.springframework.web.servlet.DispatcherServlet [http-nio-8082-exec-1] Detected org.springframework.web.servlet.support.SessionFlashMapManager@1fb71788
2023-03-31 17:19:50,650 DEBUG org.springframework.web.servlet.FrameworkServlet [http-nio-8082-exec-1] enableLoggingRequestDetails='false': request parameters and headers will be masked to prevent unsafe logging of potentially sensitive data
2023-03-31 17:19:50,651 INFO org.springframework.web.servlet.FrameworkServlet [http-nio-8082-exec-1] Completed initialization in 6 ms
2023-03-31 17:19:50,668 DEBUG org.springframework.core.log.LogFormatUtils [http-nio-8082-exec-1] GET "/swagger-ui/", parameters={}
2023-03-31 17:19:50,679 DEBUG org.springframework.web.servlet.handler.AbstractHandlerMapping [http-nio-8082-exec-1] Mapped to ParameterizableViewController [view="forward:/swagger-ui/index.html"]
2023-03-31 17:19:50,690 DEBUG org.springframework.web.servlet.view.ContentNegotiatingViewResolver [http-nio-8082-exec-1] Selected 'text/html' given [text/html, application/xhtml+xml, image/avif, image/webp, image/apng, application/xml;q=0.9, application/signed-exchange;v=b3;q=0.7, */*;q=0.8]
2023-03-31 17:19:50,691 DEBUG org.springframework.web.servlet.view.AbstractView [http-nio-8082-exec-1] View name 'forward:', model {}
2023-03-31 17:19:50,693 DEBUG org.springframework.web.servlet.view.InternalResourceView [http-nio-8082-exec-1] Forwarding to [/swagger-ui/index.html]
2023-03-31 17:19:50,698 DEBUG org.springframework.core.log.LogFormatUtils [http-nio-8082-exec-1] "FORWARD" dispatch for GET "/swagger-ui/index.html", parameters={}
2023-03-31 17:19:50,701 DEBUG org.springframework.web.servlet.handler.AbstractHandlerMapping [http-nio-8082-exec-1] Mapped to ResourceHttpRequestHandler [Classpath [META-INF/resources/webjars/springfox-swagger-ui/]]
2023-03-31 17:19:50,708 DEBUG org.springframework.web.servlet.FrameworkServlet [http-nio-8082-exec-1] Exiting from "FORWARD" dispatch, status 304
2023-03-31 17:19:50,709 DEBUG org.springframework.web.servlet.FrameworkServlet [http-nio-8082-exec-1] Completed 304 NOT_MODIFIED
2023-03-31 17:19:50,806 DEBUG org.springframework.core.log.LogFormatUtils [http-nio-8082-exec-2] GET "/swagger-ui/", parameters={}
2023-03-31 17:19:50,807 DEBUG org.springframework.web.servlet.handler.AbstractHandlerMapping [http-nio-8082-exec-2] Mapped to ParameterizableViewController [view="forward:/swagger-ui/index.html"]
2023-03-31 17:19:50,808 DEBUG org.springframework.web.servlet.view.ContentNegotiatingViewResolver [http-nio-8082-exec-2] Selected 'text/html' given [text/html, application/xhtml+xml, image/avif, image/webp, image/apng, application/xml;q=0.9, application/signed-exchange;v=b3;q=0.7, */*;q=0.8]
2023-03-31 17:19:50,808 DEBUG org.springframework.web.servlet.view.AbstractView [http-nio-8082-exec-2] View name 'forward:', model {}
2023-03-31 17:19:50,809 DEBUG org.springframework.web.servlet.view.InternalResourceView [http-nio-8082-exec-2] Forwarding to [/swagger-ui/index.html]
2023-03-31 17:19:50,809 DEBUG org.springframework.core.log.LogFormatUtils [http-nio-8082-exec-2] "FORWARD" dispatch for GET "/swagger-ui/index.html", parameters={}
2023-03-31 17:19:50,810 DEBUG org.springframework.web.servlet.handler.AbstractHandlerMapping [http-nio-8082-exec-2] Mapped to ResourceHttpRequestHandler [Classpath [META-INF/resources/webjars/springfox-swagger-ui/]]
2023-03-31 17:19:50,812 DEBUG org.springframework.web.servlet.FrameworkServlet [http-nio-8082-exec-2] Exiting from "FORWARD" dispatch, status 304
2023-03-31 17:19:50,813 DEBUG org.springframework.web.servlet.FrameworkServlet [http-nio-8082-exec-2] Completed 304 NOT_MODIFIED
2023-03-31 17:19:51,028 DEBUG org.springframework.core.log.LogFormatUtils [http-nio-8082-exec-3] GET "/swagger-resources/configuration/ui", parameters={}
2023-03-31 17:19:51,031 DEBUG org.springframework.web.servlet.handler.AbstractHandlerMapping [http-nio-8082-exec-3] Mapped to springfox.documentation.swagger.web.ApiResourceController#uiConfiguration()
2023-03-31 17:19:51,054 DEBUG org.springframework.web.servlet.mvc.method.annotation.AbstractMessageConverterMethodProcessor [http-nio-8082-exec-3] Using 'application/json', given [application/json] and supported [application/json]
2023-03-31 17:19:51,084 DEBUG org.springframework.core.log.LogFormatUtils [http-nio-8082-exec-3] Writing [springfox.documentation.swagger.web.UiConfiguration@e59feaf]
2023-03-31 17:19:51,102 DEBUG org.springframework.web.servlet.FrameworkServlet [http-nio-8082-exec-3] Completed 200 OK
2023-03-31 17:19:51,110 DEBUG org.springframework.core.log.LogFormatUtils [http-nio-8082-exec-4] GET "/swagger-resources/configuration/security", parameters={}
2023-03-31 17:19:51,111 DEBUG org.springframework.web.servlet.handler.AbstractHandlerMapping [http-nio-8082-exec-4] Mapped to springfox.documentation.swagger.web.ApiResourceController#securityConfiguration()
2023-03-31 17:19:51,112 DEBUG org.springframework.web.servlet.mvc.method.annotation.AbstractMessageConverterMethodProcessor [http-nio-8082-exec-4] Using 'application/json', given [application/json] and supported [application/json]
2023-03-31 17:19:51,116 DEBUG org.springframework.core.log.LogFormatUtils [http-nio-8082-exec-4] Writing [springfox.documentation.swagger.web.SecurityConfiguration@25d3e73]
2023-03-31 17:19:51,117 DEBUG org.springframework.web.servlet.FrameworkServlet [http-nio-8082-exec-4] Completed 200 OK
2023-03-31 17:19:51,125 DEBUG org.springframework.core.log.LogFormatUtils [http-nio-8082-exec-5] GET "/swagger-resources", parameters={}
2023-03-31 17:19:51,126 DEBUG org.springframework.web.servlet.handler.AbstractHandlerMapping [http-nio-8082-exec-5] Mapped to springfox.documentation.swagger.web.ApiResourceController#swaggerResources()
2023-03-31 17:19:51,127 DEBUG org.springframework.web.servlet.mvc.method.annotation.AbstractMessageConverterMethodProcessor [http-nio-8082-exec-5] Using 'application/json', given [application/json] and supported [application/json]
2023-03-31 17:19:51,128 DEBUG org.springframework.core.log.LogFormatUtils [http-nio-8082-exec-5] Writing [[springfox.documentation.swagger.web.SwaggerResource@118309a4]]
2023-03-31 17:19:51,132 DEBUG org.springframework.web.servlet.FrameworkServlet [http-nio-8082-exec-5] Completed 200 OK
2023-03-31 17:19:51,165 DEBUG org.springframework.core.log.LogFormatUtils [http-nio-8082-exec-6] GET "/v3/api-docs", parameters={}
2023-03-31 17:19:51,166 DEBUG org.springframework.web.servlet.handler.AbstractHandlerMapping [http-nio-8082-exec-6] Mapped to springfox.documentation.oas.web.OpenApiControllerWebMvc#getDocumentation(String, HttpServletRequest)
2023-03-31 17:19:51,338 DEBUG org.springframework.web.servlet.mvc.method.annotation.AbstractMessageConverterMethodProcessor [http-nio-8082-exec-6] Using 'application/json', given [application/json, */*] and supported [application/json, application/hal+json]
2023-03-31 17:19:51,341 DEBUG org.springframework.core.log.LogFormatUtils [http-nio-8082-exec-6] Writing [springfox.documentation.spring.web.json.Json@2549c167]
2023-03-31 17:19:51,343 DEBUG org.springframework.web.servlet.FrameworkServlet [http-nio-8082-exec-6] Completed 200 OK
2023-03-31 17:19:58,313 DEBUG org.springframework.core.log.LogFormatUtils [http-nio-8082-exec-9] GET "/students", parameters={}
2023-03-31 17:19:58,315 DEBUG org.springframework.web.servlet.handler.AbstractHandlerMapping [http-nio-8082-exec-9] Mapped to ma.pfe.controllers.StudentController#selectAll()
2023-03-31 17:19:58,318 DEBUG ma.pfe.controllers.StudentController [http-nio-8082-exec-9] START METHOD SELECT ALL CONTROLLER
2023-03-31 17:19:58,319 DEBUG ma.pfe.services.StudentServiceImpl [http-nio-8082-exec-9] START METHOD SELECT ALL SERVICE
2023-03-31 17:19:58,929 DEBUG org.springframework.web.servlet.mvc.method.annotation.AbstractMessageConverterMethodProcessor [http-nio-8082-exec-9] Using 'application/json', given [*/*] and supported [application/json, application/*+json, application/json, application/*+json]
2023-03-31 17:19:58,930 DEBUG org.springframework.core.log.LogFormatUtils [http-nio-8082-exec-9] Writing [[StudentDto{studentId=StudentIdDto{id=20, code='A220'}, name='AHMED', courses=[CourseDto{id=1, name= (truncated)...]
2023-03-31 17:19:58,958 DEBUG org.springframework.web.servlet.FrameworkServlet [http-nio-8082-exec-9] Completed 200 OK
2023-03-31 17:21:20,831 DEBUG org.springframework.core.log.LogFormatUtils [http-nio-8082-exec-1] POST "/students", parameters={}
2023-03-31 17:21:20,832 DEBUG org.springframework.web.servlet.handler.AbstractHandlerMapping [http-nio-8082-exec-1] Mapped to ma.pfe.controllers.StudentController#save(StudentDto)
2023-03-31 17:21:20,936 DEBUG org.springframework.web.method.support.InvocableHandlerMethod [http-nio-8082-exec-1] Could not resolve parameter [0] in public java.lang.Long ma.pfe.controllers.StudentController.save(ma.pfe.dtos.StudentDto): JSON parse error: Unexpected character ('}' (code 125)): was expecting double-quote to start field name; nested exception is com.fasterxml.jackson.databind.JsonMappingException: Unexpected character ('}' (code 125)): was expecting double-quote to start field name
 at [Source: (PushbackInputStream); line: 10, column: 6] (through reference chain: ma.pfe.dtos.StudentDto["courses"]->java.util.ArrayList[0])
2023-03-31 17:21:20,941 WARN org.springframework.web.servlet.handler.AbstractHandlerExceptionResolver [http-nio-8082-exec-1] Resolved [org.springframework.http.converter.HttpMessageNotReadableException: JSON parse error: Unexpected character ('}' (code 125)): was expecting double-quote to start field name; nested exception is com.fasterxml.jackson.databind.JsonMappingException: Unexpected character ('}' (code 125)): was expecting double-quote to start field name
 at [Source: (PushbackInputStream); line: 10, column: 6] (through reference chain: ma.pfe.dtos.StudentDto["courses"]->java.util.ArrayList[0])]
2023-03-31 17:21:20,942 DEBUG org.springframework.web.servlet.FrameworkServlet [http-nio-8082-exec-1] Completed 400 BAD_REQUEST
2023-03-31 17:21:20,943 DEBUG org.springframework.core.log.LogFormatUtils [http-nio-8082-exec-1] "ERROR" dispatch for POST "/error", parameters={}
2023-03-31 17:21:20,947 DEBUG org.springframework.web.servlet.handler.AbstractHandlerMapping [http-nio-8082-exec-1] Mapped to org.springframework.boot.autoconfigure.web.servlet.error.BasicErrorController#error(HttpServletRequest)
2023-03-31 17:21:20,953 DEBUG org.springframework.web.servlet.mvc.method.annotation.AbstractMessageConverterMethodProcessor [http-nio-8082-exec-1] Using 'application/json', given [*/*] and supported [application/json, application/*+json, application/json, application/*+json]
2023-03-31 17:21:20,954 DEBUG org.springframework.core.log.LogFormatUtils [http-nio-8082-exec-1] Writing [{timestamp=Fri Mar 31 17:21:20 WET 2023, status=400, error=Bad Request, path=/students}]
2023-03-31 17:21:20,963 DEBUG org.springframework.web.servlet.FrameworkServlet [http-nio-8082-exec-1] Exiting from "ERROR" dispatch, status 400
2023-03-31 17:21:35,013 DEBUG org.springframework.core.log.LogFormatUtils [http-nio-8082-exec-2] POST "/students", parameters={}
2023-03-31 17:21:35,014 DEBUG org.springframework.web.servlet.handler.AbstractHandlerMapping [http-nio-8082-exec-2] Mapped to ma.pfe.controllers.StudentController#save(StudentDto)
2023-03-31 17:21:35,018 DEBUG org.springframework.core.log.LogFormatUtils [http-nio-8082-exec-2] Read "application/json;charset=UTF-8" to [StudentDto{studentId=StudentIdDto{id=10, code='A110'}, name='SAAD', courses=[CourseDto{id=1, name='n (truncated)...]
2023-03-31 17:21:35,024 DEBUG ma.pfe.controllers.StudentController [http-nio-8082-exec-2] START METHOD SAVE CONTROLLER dto : StudentDto{studentId=StudentIdDto{id=10, code='A110'}, name='SAAD', courses=[CourseDto{id=1, name='null'}], addresses=AddressDto{rue='med 2', avenue='MERS SULTAN', number='25'}}
2023-03-31 17:21:35,025 DEBUG ma.pfe.services.StudentServiceImpl [http-nio-8082-exec-2] START METHOD SAVE SERVICE dto : StudentDto{studentId=StudentIdDto{id=10, code='A110'}, name='SAAD', courses=[CourseDto{id=1, name='null'}], addresses=AddressDto{rue='med 2', avenue='MERS SULTAN', number='25'}}
2023-03-31 17:21:35,165 DEBUG org.springframework.web.servlet.mvc.method.annotation.AbstractMessageConverterMethodProcessor [http-nio-8082-exec-2] Using 'application/json', given [*/*] and supported [application/json, application/*+json, application/json, application/*+json]
2023-03-31 17:21:35,165 DEBUG org.springframework.core.log.LogFormatUtils [http-nio-8082-exec-2] Writing [10]
2023-03-31 17:21:35,168 DEBUG org.springframework.web.servlet.FrameworkServlet [http-nio-8082-exec-2] Completed 200 OK
2023-03-31 17:23:56,482 DEBUG org.springframework.core.log.LogFormatUtils [http-nio-8082-exec-4] GET "/students/10/A110", parameters={}
2023-03-31 17:23:56,495 DEBUG org.springframework.web.servlet.handler.AbstractHandlerMapping [http-nio-8082-exec-4] Mapped to ma.pfe.controllers.StudentController#selectById(long, String)
2023-03-31 17:23:56,519 DEBUG ma.pfe.controllers.StudentController [http-nio-8082-exec-4] START METHOD SELECT By Id CONTROLLER: id 10, code A110 
2023-03-31 17:23:56,529 DEBUG org.springframework.web.servlet.mvc.method.annotation.AbstractMessageConverterMethodProcessor [http-nio-8082-exec-4] Using 'application/json', given [*/*] and supported [application/json, application/*+json, application/json, application/*+json]
2023-03-31 17:23:56,531 DEBUG org.springframework.core.log.LogFormatUtils [http-nio-8082-exec-4] Writing [StudentDto{studentId=StudentIdDto{id=10, code='A110'}, name='SAAD', courses=[CourseDto{id=1, name='A (truncated)...]
2023-03-31 17:23:56,531 DEBUG org.springframework.web.servlet.FrameworkServlet [http-nio-8082-exec-4] Completed 200 OK
2023-03-31 17:24:11,248 DEBUG org.springframework.core.log.LogFormatUtils [http-nio-8082-exec-5] DELETE "/students/10/A110", parameters={}
2023-03-31 17:24:11,249 DEBUG org.springframework.web.servlet.handler.AbstractHandlerMapping [http-nio-8082-exec-5] Mapped to ma.pfe.controllers.StudentController#delete(long, String)
2023-03-31 17:24:11,251 DEBUG ma.pfe.controllers.StudentController [http-nio-8082-exec-5] START METHOD Delete By Id CONTROLLER: id 10, code A110 
2023-03-31 17:24:11,251 DEBUG ma.pfe.services.StudentServiceImpl [http-nio-8082-exec-5] START METHOD DELETE SERVICE id : StudentIdDto{id=10, code='A110'}
2023-03-31 17:24:11,302 DEBUG org.springframework.web.servlet.mvc.method.annotation.AbstractMessageConverterMethodProcessor [http-nio-8082-exec-5] Using 'application/json', given [*/*] and supported [application/json, application/*+json, application/json, application/*+json]
2023-03-31 17:24:11,303 DEBUG org.springframework.core.log.LogFormatUtils [http-nio-8082-exec-5] Writing [true]
2023-03-31 17:24:11,304 DEBUG org.springframework.web.servlet.FrameworkServlet [http-nio-8082-exec-5] Completed 200 OK
2023-03-31 17:39:01,655 INFO org.springframework.orm.jpa.AbstractEntityManagerFactoryBean [SpringApplicationShutdownHook] Closing JPA EntityManagerFactory for persistence unit 'default'
2023-03-31 17:39:01,675 INFO com.zaxxer.hikari.HikariDataSource [SpringApplicationShutdownHook] HikariPool-1 - Shutdown initiated...
2023-03-31 17:39:01,684 INFO com.zaxxer.hikari.HikariDataSource [SpringApplicationShutdownHook] HikariPool-1 - Shutdown completed.
2023-03-31 17:57:45,155 INFO org.springframework.boot.StartupInfoLogger [main] Starting ComponentApplication using Java 1.8.0_191 on DESKTOP-TEV2BSO with PID 17036 (C:\Users\Oussama\IdeaProjects\ComponentSpring\target\classes started by Oussama in C:\Users\Oussama\IdeaProjects\ComponentSpring)
2023-03-31 17:57:45,161 DEBUG org.springframework.boot.StartupInfoLogger [main] Running with Spring Boot v2.5.1, Spring v5.3.8
2023-03-31 17:57:45,163 INFO org.springframework.boot.SpringApplication [main] The following profiles are active: prd
2023-03-31 17:57:46,889 INFO org.springframework.data.repository.config.RepositoryConfigurationDelegate [main] Bootstrapping Spring Data JPA repositories in DEFAULT mode.
2023-03-31 17:57:46,986 INFO org.springframework.data.repository.config.RepositoryConfigurationDelegate [main] Finished Spring Data repository scanning in 81 ms. Found 1 JPA repository interfaces.
2023-03-31 17:57:48,477 INFO org.springframework.boot.web.embedded.tomcat.TomcatWebServer [main] Tomcat initialized with port(s): 8082 (http)
2023-03-31 17:57:48,498 INFO org.apache.juli.logging.DirectJDKLog [main] Initializing ProtocolHandler ["http-nio-8082"]
2023-03-31 17:57:48,499 INFO org.apache.juli.logging.DirectJDKLog [main] Starting service [Tomcat]
2023-03-31 17:57:48,500 INFO org.apache.juli.logging.DirectJDKLog [main] Starting Servlet engine: [Apache Tomcat/9.0.46]
2023-03-31 17:57:48,732 INFO org.apache.juli.logging.DirectJDKLog [main] Initializing Spring embedded WebApplicationContext
2023-03-31 17:57:48,732 INFO org.springframework.boot.web.servlet.context.ServletWebServerApplicationContext [main] Root WebApplicationContext: initialization completed in 3364 ms
2023-03-31 17:57:48,880 INFO com.zaxxer.hikari.HikariDataSource [main] HikariPool-1 - Starting...
2023-03-31 17:57:49,274 INFO com.zaxxer.hikari.pool.PoolBase [main] HikariPool-1 - Driver does not support get/set network timeout for connections. (com.mysql.jdbc.JDBC4Connection.getNetworkTimeout()I)
2023-03-31 17:57:49,278 INFO com.zaxxer.hikari.HikariDataSource [main] HikariPool-1 - Start completed.
2023-03-31 17:57:51,480 INFO org.springframework.orm.jpa.AbstractEntityManagerFactoryBean [main] Initialized JPA EntityManagerFactory for persistence unit 'default'
2023-03-31 17:57:52,786 WARN org.springframework.boot.autoconfigure.orm.jpa.JpaBaseConfiguration$JpaWebConfiguration [main] spring.jpa.open-in-view is enabled by default. Therefore, database queries may be performed during view rendering. Explicitly configure spring.jpa.open-in-view to disable this warning
2023-03-31 17:57:53,047 DEBUG org.springframework.web.servlet.handler.AbstractHandlerMethodMapping [main] 12 mappings in 'requestMappingHandlerMapping'
2023-03-31 17:57:53,499 DEBUG org.springframework.web.servlet.mvc.method.annotation.RequestMappingHandlerAdapter [main] ControllerAdvice beans: 0 @ModelAttribute, 0 @InitBinder, 1 RequestBodyAdvice, 1 ResponseBodyAdvice
2023-03-31 17:57:53,616 DEBUG org.springframework.web.servlet.handler.SimpleUrlHandlerMapping [main] Patterns [/swagger-ui/] in 'viewControllerHandlerMapping'
2023-03-31 17:57:53,663 DEBUG org.springframework.web.servlet.handler.SimpleUrlHandlerMapping [main] Patterns [/webjars/**, /**, /swagger-ui/**] in 'resourceHandlerMapping'
2023-03-31 17:57:53,680 DEBUG org.springframework.web.servlet.mvc.method.annotation.ExceptionHandlerExceptionResolver [main] ControllerAdvice beans: 0 @ExceptionHandler, 1 ResponseBodyAdvice
2023-03-31 17:57:54,338 INFO org.apache.juli.logging.DirectJDKLog [main] Starting ProtocolHandler ["http-nio-8082"]
2023-03-31 17:57:54,417 INFO org.springframework.boot.web.embedded.tomcat.TomcatWebServer [main] Tomcat started on port(s): 8082 (http) with context path ''
2023-03-31 17:57:55,050 INFO org.springframework.boot.StartupInfoLogger [main] Started ComponentApplication in 10.866 seconds (JVM running for 12.396)
2023-03-31 17:57:55,059 INFO ma.pfe.ComponentApplication [main] Access URLs:
----------------------------------------------------------
	Local: 		http://127.0.0.1:8082/swagger-ui/#/
	External: 	http://192.168.93.1:8082/swagger-ui/#/
----------------------------------------------------------
2023-03-31 17:59:40,936 INFO org.apache.juli.logging.DirectJDKLog [http-nio-8082-exec-1] Initializing Spring DispatcherServlet 'dispatcherServlet'
2023-03-31 17:59:40,937 INFO org.springframework.web.servlet.FrameworkServlet [http-nio-8082-exec-1] Initializing Servlet 'dispatcherServlet'
2023-03-31 17:59:40,938 DEBUG org.springframework.web.servlet.DispatcherServlet [http-nio-8082-exec-1] Detected StandardServletMultipartResolver
2023-03-31 17:59:40,939 DEBUG org.springframework.web.servlet.DispatcherServlet [http-nio-8082-exec-1] Detected AcceptHeaderLocaleResolver
2023-03-31 17:59:40,939 DEBUG org.springframework.web.servlet.DispatcherServlet [http-nio-8082-exec-1] Detected FixedThemeResolver
2023-03-31 17:59:40,941 DEBUG org.springframework.web.servlet.DispatcherServlet [http-nio-8082-exec-1] Detected org.springframework.web.servlet.view.DefaultRequestToViewNameTranslator@1cb849b2
2023-03-31 17:59:40,942 DEBUG org.springframework.web.servlet.DispatcherServlet [http-nio-8082-exec-1] Detected org.springframework.web.servlet.support.SessionFlashMapManager@58ec8271
2023-03-31 17:59:40,944 DEBUG org.springframework.web.servlet.FrameworkServlet [http-nio-8082-exec-1] enableLoggingRequestDetails='false': request parameters and headers will be masked to prevent unsafe logging of potentially sensitive data
2023-03-31 17:59:40,944 INFO org.springframework.web.servlet.FrameworkServlet [http-nio-8082-exec-1] Completed initialization in 6 ms
2023-03-31 17:59:40,973 DEBUG org.springframework.core.log.LogFormatUtils [http-nio-8082-exec-1] GET "/students/10/A110", parameters={}
2023-03-31 17:59:40,988 DEBUG org.springframework.web.servlet.handler.AbstractHandlerMapping [http-nio-8082-exec-1] Mapped to ma.pfe.controllers.StudentController#selectById(long, String)
2023-03-31 17:59:41,050 DEBUG ma.pfe.controllers.StudentController [http-nio-8082-exec-1] START METHOD SELECT By Id CONTROLLER: id 10, code A110 
2023-03-31 17:59:41,346 DEBUG org.springframework.web.servlet.mvc.method.annotation.AbstractMessageConverterMethodProcessor [http-nio-8082-exec-1] Using 'application/json', given [*/*] and supported [application/json, application/*+json, application/json, application/*+json]
2023-03-31 17:59:41,347 DEBUG org.springframework.web.servlet.mvc.method.annotation.AbstractMessageConverterMethodProcessor [http-nio-8082-exec-1] Nothing to write: null body
2023-03-31 17:59:41,350 DEBUG org.springframework.web.servlet.FrameworkServlet [http-nio-8082-exec-1] Completed 200 OK
2023-03-31 18:00:10,339 DEBUG org.springframework.core.log.LogFormatUtils [http-nio-8082-exec-2] GET "/swagger-ui/", parameters={}
2023-03-31 18:00:10,347 DEBUG org.springframework.web.servlet.handler.AbstractHandlerMapping [http-nio-8082-exec-2] Mapped to ParameterizableViewController [view="forward:/swagger-ui/index.html"]
2023-03-31 18:00:10,355 DEBUG org.springframework.web.servlet.view.ContentNegotiatingViewResolver [http-nio-8082-exec-2] Selected 'text/html' given [text/html, application/xhtml+xml, image/avif, image/webp, image/apng, application/xml;q=0.9, application/signed-exchange;v=b3;q=0.7, */*;q=0.8]
2023-03-31 18:00:10,356 DEBUG org.springframework.web.servlet.view.AbstractView [http-nio-8082-exec-2] View name 'forward:', model {}
2023-03-31 18:00:10,358 DEBUG org.springframework.web.servlet.view.InternalResourceView [http-nio-8082-exec-2] Forwarding to [/swagger-ui/index.html]
2023-03-31 18:00:10,366 DEBUG org.springframework.core.log.LogFormatUtils [http-nio-8082-exec-2] "FORWARD" dispatch for GET "/swagger-ui/index.html", parameters={}
2023-03-31 18:00:10,370 DEBUG org.springframework.web.servlet.handler.AbstractHandlerMapping [http-nio-8082-exec-2] Mapped to ResourceHttpRequestHandler [Classpath [META-INF/resources/webjars/springfox-swagger-ui/]]
2023-03-31 18:00:10,401 DEBUG org.springframework.web.servlet.FrameworkServlet [http-nio-8082-exec-2] Exiting from "FORWARD" dispatch, status 304
2023-03-31 18:00:10,402 DEBUG org.springframework.web.servlet.FrameworkServlet [http-nio-8082-exec-2] Completed 304 NOT_MODIFIED
2023-03-31 18:00:10,713 DEBUG org.springframework.core.log.LogFormatUtils [http-nio-8082-exec-3] GET "/swagger-resources/configuration/ui", parameters={}
2023-03-31 18:00:10,714 DEBUG org.springframework.web.servlet.handler.AbstractHandlerMapping [http-nio-8082-exec-3] Mapped to springfox.documentation.swagger.web.ApiResourceController#uiConfiguration()
2023-03-31 18:00:10,719 DEBUG org.springframework.web.servlet.mvc.method.annotation.AbstractMessageConverterMethodProcessor [http-nio-8082-exec-3] Using 'application/json', given [application/json] and supported [application/json]
2023-03-31 18:00:10,766 DEBUG org.springframework.core.log.LogFormatUtils [http-nio-8082-exec-3] Writing [springfox.documentation.swagger.web.UiConfiguration@2ca2391d]
2023-03-31 18:00:10,806 DEBUG org.springframework.web.servlet.FrameworkServlet [http-nio-8082-exec-3] Completed 200 OK
2023-03-31 18:00:10,813 DEBUG org.springframework.core.log.LogFormatUtils [http-nio-8082-exec-4] GET "/swagger-resources/configuration/security", parameters={}
2023-03-31 18:00:10,815 DEBUG org.springframework.web.servlet.handler.AbstractHandlerMapping [http-nio-8082-exec-4] Mapped to springfox.documentation.swagger.web.ApiResourceController#securityConfiguration()
2023-03-31 18:00:10,816 DEBUG org.springframework.web.servlet.mvc.method.annotation.AbstractMessageConverterMethodProcessor [http-nio-8082-exec-4] Using 'application/json', given [application/json] and supported [application/json]
2023-03-31 18:00:10,823 DEBUG org.springframework.core.log.LogFormatUtils [http-nio-8082-exec-4] Writing [springfox.documentation.swagger.web.SecurityConfiguration@593f9425]
2023-03-31 18:00:10,826 DEBUG org.springframework.web.servlet.FrameworkServlet [http-nio-8082-exec-4] Completed 200 OK
2023-03-31 18:00:10,835 DEBUG org.springframework.core.log.LogFormatUtils [http-nio-8082-exec-5] GET "/swagger-resources", parameters={}
2023-03-31 18:00:10,836 DEBUG org.springframework.web.servlet.handler.AbstractHandlerMapping [http-nio-8082-exec-5] Mapped to springfox.documentation.swagger.web.ApiResourceController#swaggerResources()
2023-03-31 18:00:10,838 DEBUG org.springframework.web.servlet.mvc.method.annotation.AbstractMessageConverterMethodProcessor [http-nio-8082-exec-5] Using 'application/json', given [application/json] and supported [application/json]
2023-03-31 18:00:10,839 DEBUG org.springframework.core.log.LogFormatUtils [http-nio-8082-exec-5] Writing [[springfox.documentation.swagger.web.SwaggerResource@6e6ed3ed]]
2023-03-31 18:00:10,844 DEBUG org.springframework.web.servlet.FrameworkServlet [http-nio-8082-exec-5] Completed 200 OK
2023-03-31 18:00:10,884 DEBUG org.springframework.core.log.LogFormatUtils [http-nio-8082-exec-6] GET "/v3/api-docs", parameters={}
2023-03-31 18:00:10,886 DEBUG org.springframework.web.servlet.handler.AbstractHandlerMapping [http-nio-8082-exec-6] Mapped to springfox.documentation.oas.web.OpenApiControllerWebMvc#getDocumentation(String, HttpServletRequest)
2023-03-31 18:00:11,285 DEBUG org.springframework.web.servlet.mvc.method.annotation.AbstractMessageConverterMethodProcessor [http-nio-8082-exec-6] Using 'application/json', given [application/json, */*] and supported [application/json, application/hal+json]
2023-03-31 18:00:11,290 DEBUG org.springframework.core.log.LogFormatUtils [http-nio-8082-exec-6] Writing [springfox.documentation.spring.web.json.Json@1324bcf9]
2023-03-31 18:00:11,293 DEBUG org.springframework.web.servlet.FrameworkServlet [http-nio-8082-exec-6] Completed 200 OK
2023-03-31 18:00:30,084 DEBUG org.springframework.core.log.LogFormatUtils [http-nio-8082-exec-7] GET "/students/10/A110", parameters={}
2023-03-31 18:00:30,085 DEBUG org.springframework.web.servlet.handler.AbstractHandlerMapping [http-nio-8082-exec-7] Mapped to ma.pfe.controllers.StudentController#selectById(long, String)
2023-03-31 18:00:30,086 DEBUG ma.pfe.controllers.StudentController [http-nio-8082-exec-7] START METHOD SELECT By Id CONTROLLER: id 10, code A110 
2023-03-31 18:00:30,090 DEBUG org.springframework.web.servlet.mvc.method.annotation.AbstractMessageConverterMethodProcessor [http-nio-8082-exec-7] Using 'application/json', given [*/*] and supported [application/json, application/*+json, application/json, application/*+json]
2023-03-31 18:00:30,091 DEBUG org.springframework.web.servlet.mvc.method.annotation.AbstractMessageConverterMethodProcessor [http-nio-8082-exec-7] Nothing to write: null body
2023-03-31 18:00:30,091 DEBUG org.springframework.web.servlet.FrameworkServlet [http-nio-8082-exec-7] Completed 200 OK
2023-03-31 18:01:00,254 DEBUG org.springframework.core.log.LogFormatUtils [http-nio-8082-exec-8] GET "/students/20/A220", parameters={}
2023-03-31 18:01:00,255 DEBUG org.springframework.web.servlet.handler.AbstractHandlerMapping [http-nio-8082-exec-8] Mapped to ma.pfe.controllers.StudentController#selectById(long, String)
2023-03-31 18:01:00,256 DEBUG ma.pfe.controllers.StudentController [http-nio-8082-exec-8] START METHOD SELECT By Id CONTROLLER: id 20, code A220 
2023-03-31 18:01:00,343 DEBUG org.springframework.web.servlet.mvc.method.annotation.AbstractMessageConverterMethodProcessor [http-nio-8082-exec-8] Using 'application/json', given [*/*] and supported [application/json, application/*+json, application/json, application/*+json]
2023-03-31 18:01:00,345 DEBUG org.springframework.core.log.LogFormatUtils [http-nio-8082-exec-8] Writing [StudentDto{studentId=StudentIdDto{id=20, code='A220'}, name='AHMED', courses=[CourseDto{id=1, name=' (truncated)...]
2023-03-31 18:01:00,355 DEBUG org.springframework.web.servlet.FrameworkServlet [http-nio-8082-exec-8] Completed 200 OK
2023-03-31 18:01:18,860 INFO org.springframework.orm.jpa.AbstractEntityManagerFactoryBean [SpringApplicationShutdownHook] Closing JPA EntityManagerFactory for persistence unit 'default'
2023-03-31 18:01:18,862 INFO com.zaxxer.hikari.HikariDataSource [SpringApplicationShutdownHook] HikariPool-1 - Shutdown initiated...
2023-03-31 18:01:18,868 INFO com.zaxxer.hikari.HikariDataSource [SpringApplicationShutdownHook] HikariPool-1 - Shutdown completed.
