2023-03-13 11:35:57,299 INFO org.springframework.boot.StartupInfoLogger [main] Starting ComponentApplication using Java 1.8.0_191 on DESKTOP-TEV2BSO with PID 8624 (C:\Users\Oussama\IdeaProjects\ComponentSpring\target\classes started by Oussama in C:\Users\Oussama\IdeaProjects\ComponentSpring)
2023-03-13 11:35:57,305 DEBUG org.springframework.boot.StartupInfoLogger [main] Running with Spring Boot v2.5.1, Spring v5.3.8
2023-03-13 11:35:57,305 INFO org.springframework.boot.SpringApplication [main] The following profiles are active: prd
2023-03-13 11:35:59,168 INFO org.springframework.data.repository.config.RepositoryConfigurationDelegate [main] Bootstrapping Spring Data JPA repositories in DEFAULT mode.
2023-03-13 11:35:59,276 INFO org.springframework.data.repository.config.RepositoryConfigurationDelegate [main] Finished Spring Data repository scanning in 85 ms. Found 1 JPA repository interfaces.
2023-03-13 11:36:00,792 INFO org.springframework.boot.web.embedded.tomcat.TomcatWebServer [main] Tomcat initialized with port(s): 8082 (http)
2023-03-13 11:36:00,811 INFO org.apache.juli.logging.DirectJDKLog [main] Initializing ProtocolHandler ["http-nio-8082"]
2023-03-13 11:36:00,812 INFO org.apache.juli.logging.DirectJDKLog [main] Starting service [Tomcat]
2023-03-13 11:36:00,813 INFO org.apache.juli.logging.DirectJDKLog [main] Starting Servlet engine: [Apache Tomcat/9.0.46]
2023-03-13 11:36:01,084 INFO org.apache.juli.logging.DirectJDKLog [main] Initializing Spring embedded WebApplicationContext
2023-03-13 11:36:01,085 INFO org.springframework.boot.web.servlet.context.ServletWebServerApplicationContext [main] Root WebApplicationContext: initialization completed in 3663 ms
2023-03-13 11:36:01,404 INFO com.zaxxer.hikari.HikariDataSource [main] HikariPool-1 - Starting...
2023-03-13 11:36:02,003 INFO com.zaxxer.hikari.pool.PoolBase [main] HikariPool-1 - Driver does not support get/set network timeout for connections. (com.mysql.jdbc.JDBC4Connection.getNetworkTimeout()I)
2023-03-13 11:36:02,011 INFO com.zaxxer.hikari.HikariDataSource [main] HikariPool-1 - Start completed.
2023-03-13 11:36:03,791 INFO org.springframework.orm.jpa.AbstractEntityManagerFactoryBean [main] Initialized JPA EntityManagerFactory for persistence unit 'default'
2023-03-13 11:36:05,279 WARN org.springframework.boot.autoconfigure.orm.jpa.JpaBaseConfiguration$JpaWebConfiguration [main] spring.jpa.open-in-view is enabled by default. Therefore, database queries may be performed during view rendering. Explicitly configure spring.jpa.open-in-view to disable this warning
2023-03-13 11:36:05,413 DEBUG org.springframework.web.servlet.handler.AbstractHandlerMethodMapping [main] 11 mappings in 'requestMappingHandlerMapping'
2023-03-13 11:36:05,812 DEBUG org.springframework.web.servlet.mvc.method.annotation.RequestMappingHandlerAdapter [main] ControllerAdvice beans: 0 @ModelAttribute, 0 @InitBinder, 1 RequestBodyAdvice, 1 ResponseBodyAdvice
2023-03-13 11:36:05,876 DEBUG org.springframework.web.servlet.handler.SimpleUrlHandlerMapping [main] Patterns [/swagger-ui/] in 'viewControllerHandlerMapping'
2023-03-13 11:36:05,906 DEBUG org.springframework.web.servlet.handler.SimpleUrlHandlerMapping [main] Patterns [/webjars/**, /**, /swagger-ui/**] in 'resourceHandlerMapping'
2023-03-13 11:36:05,916 DEBUG org.springframework.web.servlet.mvc.method.annotation.ExceptionHandlerExceptionResolver [main] ControllerAdvice beans: 0 @ExceptionHandler, 1 ResponseBodyAdvice
2023-03-13 11:36:06,109 INFO org.apache.juli.logging.DirectJDKLog [main] Starting ProtocolHandler ["http-nio-8082"]
2023-03-13 11:36:06,398 INFO org.springframework.boot.web.embedded.tomcat.TomcatWebServer [main] Tomcat started on port(s): 8082 (http) with context path ''
2023-03-13 11:36:06,842 INFO org.springframework.boot.StartupInfoLogger [main] Started ComponentApplication in 10.338 seconds (JVM running for 11.786)
2023-03-13 11:36:06,847 INFO ma.pfe.ComponentApplication [main] Access URLs:
----------------------------------------------------------
	Local: 		http://127.0.0.1:8082/swagger-ui/#/
	External: 	http://192.168.93.1:8082/swagger-ui/#/
----------------------------------------------------------
2023-03-13 11:36:25,792 INFO org.apache.juli.logging.DirectJDKLog [http-nio-8082-exec-1] Initializing Spring DispatcherServlet 'dispatcherServlet'
2023-03-13 11:36:25,793 INFO org.springframework.web.servlet.FrameworkServlet [http-nio-8082-exec-1] Initializing Servlet 'dispatcherServlet'
2023-03-13 11:36:25,793 DEBUG org.springframework.web.servlet.DispatcherServlet [http-nio-8082-exec-1] Detected StandardServletMultipartResolver
2023-03-13 11:36:25,794 DEBUG org.springframework.web.servlet.DispatcherServlet [http-nio-8082-exec-1] Detected AcceptHeaderLocaleResolver
2023-03-13 11:36:25,795 DEBUG org.springframework.web.servlet.DispatcherServlet [http-nio-8082-exec-1] Detected FixedThemeResolver
2023-03-13 11:36:25,797 DEBUG org.springframework.web.servlet.DispatcherServlet [http-nio-8082-exec-1] Detected org.springframework.web.servlet.view.DefaultRequestToViewNameTranslator@1c58d7be
2023-03-13 11:36:25,800 DEBUG org.springframework.web.servlet.DispatcherServlet [http-nio-8082-exec-1] Detected org.springframework.web.servlet.support.SessionFlashMapManager@55d99dc3
2023-03-13 11:36:25,801 DEBUG org.springframework.web.servlet.FrameworkServlet [http-nio-8082-exec-1] enableLoggingRequestDetails='false': request parameters and headers will be masked to prevent unsafe logging of potentially sensitive data
2023-03-13 11:36:25,801 INFO org.springframework.web.servlet.FrameworkServlet [http-nio-8082-exec-1] Completed initialization in 8 ms
2023-03-13 11:36:25,826 DEBUG org.springframework.core.log.LogFormatUtils [http-nio-8082-exec-1] GET "/swagger-ui/", parameters={}
2023-03-13 11:36:25,839 DEBUG org.springframework.web.servlet.handler.AbstractHandlerMapping [http-nio-8082-exec-1] Mapped to ParameterizableViewController [view="forward:/swagger-ui/index.html"]
2023-03-13 11:36:25,854 DEBUG org.springframework.web.servlet.view.ContentNegotiatingViewResolver [http-nio-8082-exec-1] Selected 'text/html' given [text/html, application/xhtml+xml, image/avif, image/webp, image/apng, application/xml;q=0.9, application/signed-exchange;v=b3;q=0.7, */*;q=0.8]
2023-03-13 11:36:25,855 DEBUG org.springframework.web.servlet.view.AbstractView [http-nio-8082-exec-1] View name 'forward:', model {}
2023-03-13 11:36:25,858 DEBUG org.springframework.web.servlet.view.InternalResourceView [http-nio-8082-exec-1] Forwarding to [/swagger-ui/index.html]
2023-03-13 11:36:25,868 DEBUG org.springframework.core.log.LogFormatUtils [http-nio-8082-exec-1] "FORWARD" dispatch for GET "/swagger-ui/index.html", parameters={}
2023-03-13 11:36:25,872 DEBUG org.springframework.web.servlet.handler.AbstractHandlerMapping [http-nio-8082-exec-1] Mapped to ResourceHttpRequestHandler [Classpath [META-INF/resources/webjars/springfox-swagger-ui/]]
2023-03-13 11:36:25,879 DEBUG org.springframework.web.servlet.FrameworkServlet [http-nio-8082-exec-1] Exiting from "FORWARD" dispatch, status 304
2023-03-13 11:36:25,881 DEBUG org.springframework.web.servlet.FrameworkServlet [http-nio-8082-exec-1] Completed 304 NOT_MODIFIED
2023-03-13 11:36:26,138 DEBUG org.springframework.core.log.LogFormatUtils [http-nio-8082-exec-2] GET "/swagger-resources/configuration/ui", parameters={}
2023-03-13 11:36:26,140 DEBUG org.springframework.web.servlet.handler.AbstractHandlerMapping [http-nio-8082-exec-2] Mapped to springfox.documentation.swagger.web.ApiResourceController#uiConfiguration()
2023-03-13 11:36:26,170 DEBUG org.springframework.web.servlet.mvc.method.annotation.AbstractMessageConverterMethodProcessor [http-nio-8082-exec-2] Using 'application/json', given [application/json] and supported [application/json]
2023-03-13 11:36:26,220 DEBUG org.springframework.core.log.LogFormatUtils [http-nio-8082-exec-2] Writing [springfox.documentation.swagger.web.UiConfiguration@73a2858a]
2023-03-13 11:36:26,246 DEBUG org.springframework.web.servlet.FrameworkServlet [http-nio-8082-exec-2] Completed 200 OK
2023-03-13 11:36:26,254 DEBUG org.springframework.core.log.LogFormatUtils [http-nio-8082-exec-3] GET "/swagger-resources/configuration/security", parameters={}
2023-03-13 11:36:26,255 DEBUG org.springframework.web.servlet.handler.AbstractHandlerMapping [http-nio-8082-exec-3] Mapped to springfox.documentation.swagger.web.ApiResourceController#securityConfiguration()
2023-03-13 11:36:26,256 DEBUG org.springframework.web.servlet.mvc.method.annotation.AbstractMessageConverterMethodProcessor [http-nio-8082-exec-3] Using 'application/json', given [application/json] and supported [application/json]
2023-03-13 11:36:26,263 DEBUG org.springframework.core.log.LogFormatUtils [http-nio-8082-exec-3] Writing [springfox.documentation.swagger.web.SecurityConfiguration@e1d2271]
2023-03-13 11:36:26,268 DEBUG org.springframework.web.servlet.FrameworkServlet [http-nio-8082-exec-3] Completed 200 OK
2023-03-13 11:36:26,279 DEBUG org.springframework.core.log.LogFormatUtils [http-nio-8082-exec-4] GET "/swagger-resources", parameters={}
2023-03-13 11:36:26,279 DEBUG org.springframework.web.servlet.handler.AbstractHandlerMapping [http-nio-8082-exec-4] Mapped to springfox.documentation.swagger.web.ApiResourceController#swaggerResources()
2023-03-13 11:36:26,282 DEBUG org.springframework.web.servlet.mvc.method.annotation.AbstractMessageConverterMethodProcessor [http-nio-8082-exec-4] Using 'application/json', given [application/json] and supported [application/json]
2023-03-13 11:36:26,286 DEBUG org.springframework.core.log.LogFormatUtils [http-nio-8082-exec-4] Writing [[springfox.documentation.swagger.web.SwaggerResource@2b983e4a]]
2023-03-13 11:36:26,293 DEBUG org.springframework.web.servlet.FrameworkServlet [http-nio-8082-exec-4] Completed 200 OK
2023-03-13 11:36:26,369 DEBUG org.springframework.core.log.LogFormatUtils [http-nio-8082-exec-5] GET "/v3/api-docs", parameters={}
2023-03-13 11:36:26,370 DEBUG org.springframework.web.servlet.handler.AbstractHandlerMapping [http-nio-8082-exec-5] Mapped to springfox.documentation.oas.web.OpenApiControllerWebMvc#getDocumentation(String, HttpServletRequest)
2023-03-13 11:36:26,624 DEBUG org.springframework.web.servlet.mvc.method.annotation.AbstractMessageConverterMethodProcessor [http-nio-8082-exec-5] Using 'application/json', given [application/json, */*] and supported [application/json, application/hal+json]
2023-03-13 11:36:26,628 DEBUG org.springframework.core.log.LogFormatUtils [http-nio-8082-exec-5] Writing [springfox.documentation.spring.web.json.Json@4c008578]
2023-03-13 11:36:26,630 DEBUG org.springframework.web.servlet.FrameworkServlet [http-nio-8082-exec-5] Completed 200 OK
2023-03-13 11:36:35,008 DEBUG org.springframework.core.log.LogFormatUtils [http-nio-8082-exec-7] DELETE "/students/0", parameters={}
2023-03-13 11:36:35,010 DEBUG org.springframework.web.servlet.handler.AbstractHandlerMapping [http-nio-8082-exec-7] Mapped to ma.pfe.controllers.StudentController#delete(Long)
2023-03-13 11:36:35,015 DEBUG ma.pfe.controllers.StudentController [http-nio-8082-exec-7] START METHOD DELETE CONTROLLER id : 0
2023-03-13 11:36:35,016 DEBUG ma.pfe.services.StudentServiceImpl [http-nio-8082-exec-7] START METHOD DELETE SERVICE id : 0
2023-03-13 11:36:35,119 DEBUG org.springframework.web.servlet.FrameworkServlet [http-nio-8082-exec-7] Failed to complete request: org.springframework.dao.EmptyResultDataAccessException: No class ma.pfe.entities.StudentEntity entity with id 0 exists!
2023-03-13 11:36:35,122 ERROR org.apache.juli.logging.DirectJDKLog [http-nio-8082-exec-7] Servlet.service() for servlet [dispatcherServlet] in context with path [] threw exception [Request processing failed; nested exception is org.springframework.dao.EmptyResultDataAccessException: No class ma.pfe.entities.StudentEntity entity with id 0 exists!] with root cause
org.springframework.dao.EmptyResultDataAccessException: No class ma.pfe.entities.StudentEntity entity with id 0 exists!
	at org.springframework.data.jpa.repository.support.SimpleJpaRepository.lambda$deleteById$0(SimpleJpaRepository.java:166)
	at java.util.Optional.orElseThrow(Optional.java:290)
	at org.springframework.data.jpa.repository.support.SimpleJpaRepository.deleteById(SimpleJpaRepository.java:165)
	at sun.reflect.NativeMethodAccessorImpl.invoke0(Native Method)
	at sun.reflect.NativeMethodAccessorImpl.invoke(NativeMethodAccessorImpl.java:62)
	at sun.reflect.DelegatingMethodAccessorImpl.invoke(DelegatingMethodAccessorImpl.java:43)
	at java.lang.reflect.Method.invoke(Method.java:498)
	at org.springframework.data.repository.core.support.RepositoryMethodInvoker$RepositoryFragmentMethodInvoker.lambda$new$0(RepositoryMethodInvoker.java:289)
	at org.springframework.data.repository.core.support.RepositoryMethodInvoker.doInvoke(RepositoryMethodInvoker.java:137)
	at org.springframework.data.repository.core.support.RepositoryMethodInvoker.invoke(RepositoryMethodInvoker.java:121)
	at org.springframework.data.repository.core.support.RepositoryComposition$RepositoryFragments.invoke(RepositoryComposition.java:529)
	at org.springframework.data.repository.core.support.RepositoryComposition.invoke(RepositoryComposition.java:285)
	at org.springframework.data.repository.core.support.RepositoryFactorySupport$ImplementationMethodExecutionInterceptor.invoke(RepositoryFactorySupport.java:599)
	at org.springframework.aop.framework.ReflectiveMethodInvocation.proceed(ReflectiveMethodInvocation.java:186)
	at org.springframework.data.repository.core.support.QueryExecutorMethodInterceptor.doInvoke(QueryExecutorMethodInterceptor.java:163)
	at org.springframework.data.repository.core.support.QueryExecutorMethodInterceptor.invoke(QueryExecutorMethodInterceptor.java:138)
	at org.springframework.aop.framework.ReflectiveMethodInvocation.proceed(ReflectiveMethodInvocation.java:186)
	at org.springframework.data.projection.DefaultMethodInvokingMethodInterceptor.invoke(DefaultMethodInvokingMethodInterceptor.java:80)
	at org.springframework.aop.framework.ReflectiveMethodInvocation.proceed(ReflectiveMethodInvocation.java:186)
	at org.springframework.transaction.interceptor.TransactionInterceptor$1.proceedWithInvocation(TransactionInterceptor.java:123)
	at org.springframework.transaction.interceptor.TransactionAspectSupport.invokeWithinTransaction(TransactionAspectSupport.java:388)
	at org.springframework.transaction.interceptor.TransactionInterceptor.invoke(TransactionInterceptor.java:119)
	at org.springframework.aop.framework.ReflectiveMethodInvocation.proceed(ReflectiveMethodInvocation.java:186)
	at org.springframework.dao.support.PersistenceExceptionTranslationInterceptor.invoke(PersistenceExceptionTranslationInterceptor.java:137)
	at org.springframework.aop.framework.ReflectiveMethodInvocation.proceed(ReflectiveMethodInvocation.java:186)
	at org.springframework.data.jpa.repository.support.CrudMethodMetadataPostProcessor$CrudMethodMetadataPopulatingMethodInterceptor.invoke(CrudMethodMetadataPostProcessor.java:174)
	at org.springframework.aop.framework.ReflectiveMethodInvocation.proceed(ReflectiveMethodInvocation.java:186)
	at org.springframework.aop.interceptor.ExposeInvocationInterceptor.invoke(ExposeInvocationInterceptor.java:97)
	at org.springframework.aop.framework.ReflectiveMethodInvocation.proceed(ReflectiveMethodInvocation.java:186)
	at org.springframework.aop.framework.JdkDynamicAopProxy.invoke(JdkDynamicAopProxy.java:215)
	at com.sun.proxy.$Proxy88.deleteById(Unknown Source)
	at ma.pfe.services.StudentServiceImpl.deleteById(StudentServiceImpl.java:43)
	at ma.pfe.controllers.StudentController.delete(StudentController.java:40)
	at sun.reflect.NativeMethodAccessorImpl.invoke0(Native Method)
	at sun.reflect.NativeMethodAccessorImpl.invoke(NativeMethodAccessorImpl.java:62)
	at sun.reflect.DelegatingMethodAccessorImpl.invoke(DelegatingMethodAccessorImpl.java:43)
	at java.lang.reflect.Method.invoke(Method.java:498)
	at org.springframework.web.method.support.InvocableHandlerMethod.doInvoke(InvocableHandlerMethod.java:197)
	at org.springframework.web.method.support.InvocableHandlerMethod.invokeForRequest(InvocableHandlerMethod.java:141)
	at org.springframework.web.servlet.mvc.method.annotation.ServletInvocableHandlerMethod.invokeAndHandle(ServletInvocableHandlerMethod.java:106)
	at org.springframework.web.servlet.mvc.method.annotation.RequestMappingHandlerAdapter.invokeHandlerMethod(RequestMappingHandlerAdapter.java:894)
	at org.springframework.web.servlet.mvc.method.annotation.RequestMappingHandlerAdapter.handleInternal(RequestMappingHandlerAdapter.java:808)
	at org.springframework.web.servlet.mvc.method.AbstractHandlerMethodAdapter.handle(AbstractHandlerMethodAdapter.java:87)
	at org.springframework.web.servlet.DispatcherServlet.doDispatch(DispatcherServlet.java:1063)
	at org.springframework.web.servlet.DispatcherServlet.doService(DispatcherServlet.java:963)
	at org.springframework.web.servlet.FrameworkServlet.processRequest(FrameworkServlet.java:1006)
	at org.springframework.web.servlet.FrameworkServlet.doDelete(FrameworkServlet.java:931)
	at javax.servlet.http.HttpServlet.service(HttpServlet.java:658)
	at org.springframework.web.servlet.FrameworkServlet.service(FrameworkServlet.java:883)
	at javax.servlet.http.HttpServlet.service(HttpServlet.java:733)
	at org.apache.catalina.core.ApplicationFilterChain.internalDoFilter(ApplicationFilterChain.java:227)
	at org.apache.catalina.core.ApplicationFilterChain.doFilter(ApplicationFilterChain.java:162)
	at org.apache.tomcat.websocket.server.WsFilter.doFilter(WsFilter.java:53)
	at org.apache.catalina.core.ApplicationFilterChain.internalDoFilter(ApplicationFilterChain.java:189)
	at org.apache.catalina.core.ApplicationFilterChain.doFilter(ApplicationFilterChain.java:162)
	at org.springframework.web.filter.RequestContextFilter.doFilterInternal(RequestContextFilter.java:100)
	at org.springframework.web.filter.OncePerRequestFilter.doFilter(OncePerRequestFilter.java:119)
	at org.apache.catalina.core.ApplicationFilterChain.internalDoFilter(ApplicationFilterChain.java:189)
	at org.apache.catalina.core.ApplicationFilterChain.doFilter(ApplicationFilterChain.java:162)
	at org.springframework.web.filter.FormContentFilter.doFilterInternal(FormContentFilter.java:93)
	at org.springframework.web.filter.OncePerRequestFilter.doFilter(OncePerRequestFilter.java:119)
	at org.apache.catalina.core.ApplicationFilterChain.internalDoFilter(ApplicationFilterChain.java:189)
	at org.apache.catalina.core.ApplicationFilterChain.doFilter(ApplicationFilterChain.java:162)
	at org.springframework.web.filter.CharacterEncodingFilter.doFilterInternal(CharacterEncodingFilter.java:201)
	at org.springframework.web.filter.OncePerRequestFilter.doFilter(OncePerRequestFilter.java:119)
	at org.apache.catalina.core.ApplicationFilterChain.internalDoFilter(ApplicationFilterChain.java:189)
	at org.apache.catalina.core.ApplicationFilterChain.doFilter(ApplicationFilterChain.java:162)
	at org.apache.catalina.core.StandardWrapperValve.invoke(StandardWrapperValve.java:202)
	at org.apache.catalina.core.StandardContextValve.invoke(StandardContextValve.java:97)
	at org.apache.catalina.authenticator.AuthenticatorBase.invoke(AuthenticatorBase.java:542)
	at org.apache.catalina.core.StandardHostValve.invoke(StandardHostValve.java:143)
	at org.apache.catalina.valves.ErrorReportValve.invoke(ErrorReportValve.java:92)
	at org.apache.catalina.core.StandardEngineValve.invoke(StandardEngineValve.java:78)
	at org.apache.catalina.connector.CoyoteAdapter.service(CoyoteAdapter.java:357)
	at org.apache.coyote.http11.Http11Processor.service(Http11Processor.java:374)
	at org.apache.coyote.AbstractProcessorLight.process(AbstractProcessorLight.java:65)
	at org.apache.coyote.AbstractProtocol$ConnectionHandler.process(AbstractProtocol.java:893)
	at org.apache.tomcat.util.net.NioEndpoint$SocketProcessor.doRun(NioEndpoint.java:1707)
	at org.apache.tomcat.util.net.SocketProcessorBase.run(SocketProcessorBase.java:49)
	at java.util.concurrent.ThreadPoolExecutor.runWorker(ThreadPoolExecutor.java:1149)
	at java.util.concurrent.ThreadPoolExecutor$Worker.run(ThreadPoolExecutor.java:624)
	at org.apache.tomcat.util.threads.TaskThread$WrappingRunnable.run(TaskThread.java:61)
	at java.lang.Thread.run(Thread.java:748)
2023-03-13 11:36:35,124 DEBUG org.springframework.core.log.LogFormatUtils [http-nio-8082-exec-7] "ERROR" dispatch for DELETE "/error", parameters={}
2023-03-13 11:36:35,126 DEBUG org.springframework.web.servlet.handler.AbstractHandlerMapping [http-nio-8082-exec-7] Mapped to org.springframework.boot.autoconfigure.web.servlet.error.BasicErrorController#error(HttpServletRequest)
2023-03-13 11:36:35,131 DEBUG org.springframework.web.servlet.mvc.method.annotation.AbstractMessageConverterMethodProcessor [http-nio-8082-exec-7] Using 'application/json', given [*/*] and supported [application/json, application/*+json, application/json, application/*+json]
2023-03-13 11:36:35,131 DEBUG org.springframework.core.log.LogFormatUtils [http-nio-8082-exec-7] Writing [{timestamp=Mon Mar 13 11:36:35 WET 2023, status=500, error=Internal Server Error, path=/students/0}]
2023-03-13 11:36:35,138 DEBUG org.springframework.web.servlet.FrameworkServlet [http-nio-8082-exec-7] Exiting from "ERROR" dispatch, status 500
2023-03-13 11:39:56,784 DEBUG org.springframework.core.log.LogFormatUtils [http-nio-8082-exec-9] DELETE "/students/1", parameters={}
2023-03-13 11:39:56,789 DEBUG org.springframework.web.servlet.handler.AbstractHandlerMapping [http-nio-8082-exec-9] Mapped to ma.pfe.controllers.StudentController#delete(Long)
2023-03-13 11:39:56,790 DEBUG ma.pfe.controllers.StudentController [http-nio-8082-exec-9] START METHOD DELETE CONTROLLER id : 1
2023-03-13 11:39:56,791 DEBUG ma.pfe.services.StudentServiceImpl [http-nio-8082-exec-9] START METHOD DELETE SERVICE id : 1
2023-03-13 11:39:56,863 DEBUG org.springframework.web.servlet.mvc.method.annotation.AbstractMessageConverterMethodProcessor [http-nio-8082-exec-9] Using 'application/json', given [*/*] and supported [application/json, application/*+json, application/json, application/*+json]
2023-03-13 11:39:56,863 DEBUG org.springframework.core.log.LogFormatUtils [http-nio-8082-exec-9] Writing [true]
2023-03-13 11:39:56,865 DEBUG org.springframework.web.servlet.FrameworkServlet [http-nio-8082-exec-9] Completed 200 OK
2023-03-13 11:40:11,619 DEBUG org.springframework.core.log.LogFormatUtils [http-nio-8082-exec-1] DELETE "/students/5", parameters={}
2023-03-13 11:40:11,619 DEBUG org.springframework.web.servlet.handler.AbstractHandlerMapping [http-nio-8082-exec-1] Mapped to ma.pfe.controllers.StudentController#delete(Long)
2023-03-13 11:40:11,620 DEBUG ma.pfe.controllers.StudentController [http-nio-8082-exec-1] START METHOD DELETE CONTROLLER id : 5
2023-03-13 11:40:11,621 DEBUG ma.pfe.services.StudentServiceImpl [http-nio-8082-exec-1] START METHOD DELETE SERVICE id : 5
2023-03-13 11:40:11,643 DEBUG org.springframework.web.servlet.mvc.method.annotation.AbstractMessageConverterMethodProcessor [http-nio-8082-exec-1] Using 'application/json', given [*/*] and supported [application/json, application/*+json, application/json, application/*+json]
2023-03-13 11:40:11,645 DEBUG org.springframework.core.log.LogFormatUtils [http-nio-8082-exec-1] Writing [true]
2023-03-13 11:40:11,646 DEBUG org.springframework.web.servlet.FrameworkServlet [http-nio-8082-exec-1] Completed 200 OK
2023-03-13 11:50:37,313 DEBUG org.springframework.core.log.LogFormatUtils [http-nio-8082-exec-3] GET "/students", parameters={}
2023-03-13 11:50:37,315 DEBUG org.springframework.web.servlet.handler.AbstractHandlerMapping [http-nio-8082-exec-3] Mapped to ma.pfe.controllers.StudentController#selectAll()
2023-03-13 11:50:37,318 DEBUG ma.pfe.controllers.StudentController [http-nio-8082-exec-3] START METHOD SELECT ALL CONTROLLER
2023-03-13 11:50:37,319 DEBUG ma.pfe.services.StudentServiceImpl [http-nio-8082-exec-3] START METHOD SELECT ALL SERVICE
2023-03-13 11:50:37,961 DEBUG org.springframework.web.servlet.mvc.method.annotation.AbstractMessageConverterMethodProcessor [http-nio-8082-exec-3] Using 'application/json', given [*/*] and supported [application/json, application/*+json, application/json, application/*+json]
2023-03-13 11:50:37,961 DEBUG org.springframework.core.log.LogFormatUtils [http-nio-8082-exec-3] Writing [[]]
2023-03-13 11:50:37,962 DEBUG org.springframework.web.servlet.FrameworkServlet [http-nio-8082-exec-3] Completed 200 OK
2023-03-13 11:50:54,277 DEBUG org.springframework.core.log.LogFormatUtils [http-nio-8082-exec-5] POST "/students", parameters={}
2023-03-13 11:50:54,279 DEBUG org.springframework.web.servlet.handler.AbstractHandlerMapping [http-nio-8082-exec-5] Mapped to ma.pfe.controllers.StudentController#save(StudentDto)
2023-03-13 11:50:54,322 DEBUG org.springframework.core.log.LogFormatUtils [http-nio-8082-exec-5] Read "application/json;charset=UTF-8" to [StudentDto{id=0, name='string'}]
2023-03-13 11:50:54,325 DEBUG ma.pfe.controllers.StudentController [http-nio-8082-exec-5] START METHOD SAVE CONTROLLER dto : StudentDto{id=0, name='string'}
2023-03-13 11:50:54,325 DEBUG ma.pfe.services.StudentServiceImpl [http-nio-8082-exec-5] START METHOD SAVE SERVICE dto : StudentDto{id=0, name='string'}
2023-03-13 11:50:54,372 DEBUG org.springframework.web.servlet.mvc.method.annotation.AbstractMessageConverterMethodProcessor [http-nio-8082-exec-5] Using 'application/json', given [*/*] and supported [application/json, application/*+json, application/json, application/*+json]
2023-03-13 11:50:54,372 DEBUG org.springframework.core.log.LogFormatUtils [http-nio-8082-exec-5] Writing [1]
2023-03-13 11:50:54,374 DEBUG org.springframework.web.servlet.FrameworkServlet [http-nio-8082-exec-5] Completed 200 OK
2023-03-13 11:51:06,332 DEBUG org.springframework.core.log.LogFormatUtils [http-nio-8082-exec-8] POST "/students", parameters={}
2023-03-13 11:51:06,333 DEBUG org.springframework.web.servlet.handler.AbstractHandlerMapping [http-nio-8082-exec-8] Mapped to ma.pfe.controllers.StudentController#save(StudentDto)
2023-03-13 11:51:06,336 DEBUG org.springframework.core.log.LogFormatUtils [http-nio-8082-exec-8] Read "application/json;charset=UTF-8" to [StudentDto{id=1, name='test'}]
2023-03-13 11:51:06,336 DEBUG ma.pfe.controllers.StudentController [http-nio-8082-exec-8] START METHOD SAVE CONTROLLER dto : StudentDto{id=1, name='test'}
2023-03-13 11:51:06,337 DEBUG ma.pfe.services.StudentServiceImpl [http-nio-8082-exec-8] START METHOD SAVE SERVICE dto : StudentDto{id=1, name='test'}
2023-03-13 11:51:06,373 DEBUG org.springframework.web.servlet.mvc.method.annotation.AbstractMessageConverterMethodProcessor [http-nio-8082-exec-8] Using 'application/json', given [*/*] and supported [application/json, application/*+json, application/json, application/*+json]
2023-03-13 11:51:06,373 DEBUG org.springframework.core.log.LogFormatUtils [http-nio-8082-exec-8] Writing [1]
2023-03-13 11:51:06,375 DEBUG org.springframework.web.servlet.FrameworkServlet [http-nio-8082-exec-8] Completed 200 OK
2023-03-13 11:51:22,915 DEBUG org.springframework.core.log.LogFormatUtils [http-nio-8082-exec-9] POST "/students", parameters={}
2023-03-13 11:51:22,916 DEBUG org.springframework.web.servlet.handler.AbstractHandlerMapping [http-nio-8082-exec-9] Mapped to ma.pfe.controllers.StudentController#save(StudentDto)
2023-03-13 11:51:22,919 DEBUG org.springframework.core.log.LogFormatUtils [http-nio-8082-exec-9] Read "application/json;charset=UTF-8" to [StudentDto{id=2, name='OMAR'}]
2023-03-13 11:51:22,920 DEBUG ma.pfe.controllers.StudentController [http-nio-8082-exec-9] START METHOD SAVE CONTROLLER dto : StudentDto{id=2, name='OMAR'}
2023-03-13 11:51:22,921 DEBUG ma.pfe.services.StudentServiceImpl [http-nio-8082-exec-9] START METHOD SAVE SERVICE dto : StudentDto{id=2, name='OMAR'}
2023-03-13 11:51:22,958 DEBUG org.springframework.web.servlet.mvc.method.annotation.AbstractMessageConverterMethodProcessor [http-nio-8082-exec-9] Using 'application/json', given [*/*] and supported [application/json, application/*+json, application/json, application/*+json]
2023-03-13 11:51:22,960 DEBUG org.springframework.core.log.LogFormatUtils [http-nio-8082-exec-9] Writing [2]
2023-03-13 11:51:22,963 DEBUG org.springframework.web.servlet.FrameworkServlet [http-nio-8082-exec-9] Completed 200 OK
2023-03-13 11:51:39,286 DEBUG org.springframework.core.log.LogFormatUtils [http-nio-8082-exec-10] POST "/students", parameters={}
2023-03-13 11:51:39,287 DEBUG org.springframework.web.servlet.handler.AbstractHandlerMapping [http-nio-8082-exec-10] Mapped to ma.pfe.controllers.StudentController#save(StudentDto)
2023-03-13 11:51:39,291 DEBUG org.springframework.core.log.LogFormatUtils [http-nio-8082-exec-10] Read "application/json;charset=UTF-8" to [StudentDto{id=3, name='AHMED'}]
2023-03-13 11:51:39,291 DEBUG ma.pfe.controllers.StudentController [http-nio-8082-exec-10] START METHOD SAVE CONTROLLER dto : StudentDto{id=3, name='AHMED'}
2023-03-13 11:51:39,292 DEBUG ma.pfe.services.StudentServiceImpl [http-nio-8082-exec-10] START METHOD SAVE SERVICE dto : StudentDto{id=3, name='AHMED'}
2023-03-13 11:51:39,304 DEBUG org.springframework.web.servlet.mvc.method.annotation.AbstractMessageConverterMethodProcessor [http-nio-8082-exec-10] Using 'application/json', given [*/*] and supported [application/json, application/*+json, application/json, application/*+json]
2023-03-13 11:51:39,305 DEBUG org.springframework.core.log.LogFormatUtils [http-nio-8082-exec-10] Writing [3]
2023-03-13 11:51:39,306 DEBUG org.springframework.web.servlet.FrameworkServlet [http-nio-8082-exec-10] Completed 200 OK
2023-03-13 11:55:04,709 DEBUG org.springframework.core.log.LogFormatUtils [http-nio-8082-exec-2] POST "/students", parameters={}
2023-03-13 11:55:04,710 DEBUG org.springframework.web.servlet.handler.AbstractHandlerMapping [http-nio-8082-exec-2] Mapped to ma.pfe.controllers.StudentController#save(StudentDto)
2023-03-13 11:55:04,712 DEBUG org.springframework.core.log.LogFormatUtils [http-nio-8082-exec-2] Read "application/json;charset=UTF-8" to [StudentDto{id=3, name='SAAD'}]
2023-03-13 11:55:04,712 DEBUG ma.pfe.controllers.StudentController [http-nio-8082-exec-2] START METHOD SAVE CONTROLLER dto : StudentDto{id=3, name='SAAD'}
2023-03-13 11:55:04,712 DEBUG ma.pfe.services.StudentServiceImpl [http-nio-8082-exec-2] START METHOD SAVE SERVICE dto : StudentDto{id=3, name='SAAD'}
2023-03-13 11:55:04,721 DEBUG org.springframework.web.servlet.mvc.method.annotation.AbstractMessageConverterMethodProcessor [http-nio-8082-exec-2] Using 'application/json', given [*/*] and supported [application/json, application/*+json, application/json, application/*+json]
2023-03-13 11:55:04,723 DEBUG org.springframework.core.log.LogFormatUtils [http-nio-8082-exec-2] Writing [3]
2023-03-13 11:55:04,725 DEBUG org.springframework.web.servlet.FrameworkServlet [http-nio-8082-exec-2] Completed 200 OK
2023-03-13 11:55:11,606 DEBUG org.springframework.core.log.LogFormatUtils [http-nio-8082-exec-3] POST "/students", parameters={}
2023-03-13 11:55:11,607 DEBUG org.springframework.web.servlet.handler.AbstractHandlerMapping [http-nio-8082-exec-3] Mapped to ma.pfe.controllers.StudentController#save(StudentDto)
2023-03-13 11:55:11,615 DEBUG org.springframework.core.log.LogFormatUtils [http-nio-8082-exec-3] Read "application/json;charset=UTF-8" to [StudentDto{id=3, name='SAAD'}]
2023-03-13 11:55:11,616 DEBUG ma.pfe.controllers.StudentController [http-nio-8082-exec-3] START METHOD SAVE CONTROLLER dto : StudentDto{id=3, name='SAAD'}
2023-03-13 11:55:11,616 DEBUG ma.pfe.services.StudentServiceImpl [http-nio-8082-exec-3] START METHOD SAVE SERVICE dto : StudentDto{id=3, name='SAAD'}
2023-03-13 11:55:11,621 DEBUG org.springframework.web.servlet.mvc.method.annotation.AbstractMessageConverterMethodProcessor [http-nio-8082-exec-3] Using 'application/json', given [*/*] and supported [application/json, application/*+json, application/json, application/*+json]
2023-03-13 11:55:11,621 DEBUG org.springframework.core.log.LogFormatUtils [http-nio-8082-exec-3] Writing [3]
2023-03-13 11:55:11,623 DEBUG org.springframework.web.servlet.FrameworkServlet [http-nio-8082-exec-3] Completed 200 OK
2023-03-13 11:55:20,081 DEBUG org.springframework.core.log.LogFormatUtils [http-nio-8082-exec-4] POST "/students", parameters={}
2023-03-13 11:55:20,082 DEBUG org.springframework.web.servlet.handler.AbstractHandlerMapping [http-nio-8082-exec-4] Mapped to ma.pfe.controllers.StudentController#save(StudentDto)
2023-03-13 11:55:20,083 DEBUG org.springframework.core.log.LogFormatUtils [http-nio-8082-exec-4] Read "application/json;charset=UTF-8" to [StudentDto{id=3, name='SIMO'}]
2023-03-13 11:55:20,084 DEBUG ma.pfe.controllers.StudentController [http-nio-8082-exec-4] START METHOD SAVE CONTROLLER dto : StudentDto{id=3, name='SIMO'}
2023-03-13 11:55:20,084 DEBUG ma.pfe.services.StudentServiceImpl [http-nio-8082-exec-4] START METHOD SAVE SERVICE dto : StudentDto{id=3, name='SIMO'}
2023-03-13 11:55:20,117 DEBUG org.springframework.web.servlet.mvc.method.annotation.AbstractMessageConverterMethodProcessor [http-nio-8082-exec-4] Using 'application/json', given [*/*] and supported [application/json, application/*+json, application/json, application/*+json]
2023-03-13 11:55:20,117 DEBUG org.springframework.core.log.LogFormatUtils [http-nio-8082-exec-4] Writing [3]
2023-03-13 11:55:20,118 DEBUG org.springframework.web.servlet.FrameworkServlet [http-nio-8082-exec-4] Completed 200 OK
2023-03-13 11:55:32,068 DEBUG org.springframework.core.log.LogFormatUtils [http-nio-8082-exec-5] GET "/students", parameters={}
2023-03-13 11:55:32,069 DEBUG org.springframework.web.servlet.handler.AbstractHandlerMapping [http-nio-8082-exec-5] Mapped to ma.pfe.controllers.StudentController#selectAll()
2023-03-13 11:55:32,070 DEBUG ma.pfe.controllers.StudentController [http-nio-8082-exec-5] START METHOD SELECT ALL CONTROLLER
2023-03-13 11:55:32,071 DEBUG ma.pfe.services.StudentServiceImpl [http-nio-8082-exec-5] START METHOD SELECT ALL SERVICE
2023-03-13 11:55:32,090 DEBUG org.springframework.web.servlet.mvc.method.annotation.AbstractMessageConverterMethodProcessor [http-nio-8082-exec-5] Using 'application/json', given [*/*] and supported [application/json, application/*+json, application/json, application/*+json]
2023-03-13 11:55:32,090 DEBUG org.springframework.core.log.LogFormatUtils [http-nio-8082-exec-5] Writing [[StudentDto{id=1, name='test'}, StudentDto{id=2, name='OMAR'}, StudentDto{id=3, name='SIMO'}]]
2023-03-13 11:55:32,092 DEBUG org.springframework.web.servlet.FrameworkServlet [http-nio-8082-exec-5] Completed 200 OK
2023-03-13 12:09:42,943 INFO org.springframework.orm.jpa.AbstractEntityManagerFactoryBean [SpringApplicationShutdownHook] Closing JPA EntityManagerFactory for persistence unit 'default'
2023-03-13 12:09:42,950 INFO com.zaxxer.hikari.HikariDataSource [SpringApplicationShutdownHook] HikariPool-1 - Shutdown initiated...
2023-03-13 12:09:42,955 INFO com.zaxxer.hikari.HikariDataSource [SpringApplicationShutdownHook] HikariPool-1 - Shutdown completed.
2023-03-13 12:34:53,488 INFO org.springframework.boot.StartupInfoLogger [main] Starting ComponentApplication using Java 1.8.0_191 on DESKTOP-TEV2BSO with PID 2368 (C:\Users\Oussama\IdeaProjects\ComponentSpring\target\classes started by Oussama in C:\Users\Oussama\IdeaProjects\ComponentSpring)
2023-03-13 12:34:53,492 DEBUG org.springframework.boot.StartupInfoLogger [main] Running with Spring Boot v2.5.1, Spring v5.3.8
2023-03-13 12:34:53,492 INFO org.springframework.boot.SpringApplication [main] The following profiles are active: prd
2023-03-13 12:34:55,350 INFO org.springframework.data.repository.config.RepositoryConfigurationDelegate [main] Bootstrapping Spring Data JPA repositories in DEFAULT mode.
2023-03-13 12:34:55,460 INFO org.springframework.data.repository.config.RepositoryConfigurationDelegate [main] Finished Spring Data repository scanning in 90 ms. Found 1 JPA repository interfaces.
2023-03-13 12:34:57,043 INFO org.springframework.boot.web.embedded.tomcat.TomcatWebServer [main] Tomcat initialized with port(s): 8082 (http)
2023-03-13 12:34:57,072 INFO org.apache.juli.logging.DirectJDKLog [main] Initializing ProtocolHandler ["http-nio-8082"]
2023-03-13 12:34:57,075 INFO org.apache.juli.logging.DirectJDKLog [main] Starting service [Tomcat]
2023-03-13 12:34:57,077 INFO org.apache.juli.logging.DirectJDKLog [main] Starting Servlet engine: [Apache Tomcat/9.0.46]
2023-03-13 12:34:57,425 INFO org.apache.juli.logging.DirectJDKLog [main] Initializing Spring embedded WebApplicationContext
2023-03-13 12:34:57,426 INFO org.springframework.boot.web.servlet.context.ServletWebServerApplicationContext [main] Root WebApplicationContext: initialization completed in 3778 ms
2023-03-13 12:34:57,679 INFO com.zaxxer.hikari.HikariDataSource [main] HikariPool-1 - Starting...
2023-03-13 12:34:58,105 INFO com.zaxxer.hikari.pool.PoolBase [main] HikariPool-1 - Driver does not support get/set network timeout for connections. (com.mysql.jdbc.JDBC4Connection.getNetworkTimeout()I)
2023-03-13 12:34:58,110 INFO com.zaxxer.hikari.HikariDataSource [main] HikariPool-1 - Start completed.
2023-03-13 12:34:59,622 INFO org.springframework.orm.jpa.AbstractEntityManagerFactoryBean [main] Initialized JPA EntityManagerFactory for persistence unit 'default'
2023-03-13 12:35:00,369 WARN org.springframework.boot.autoconfigure.orm.jpa.JpaBaseConfiguration$JpaWebConfiguration [main] spring.jpa.open-in-view is enabled by default. Therefore, database queries may be performed during view rendering. Explicitly configure spring.jpa.open-in-view to disable this warning
2023-03-13 12:35:00,514 DEBUG org.springframework.web.servlet.handler.AbstractHandlerMethodMapping [main] 11 mappings in 'requestMappingHandlerMapping'
2023-03-13 12:35:00,869 DEBUG org.springframework.web.servlet.mvc.method.annotation.RequestMappingHandlerAdapter [main] ControllerAdvice beans: 0 @ModelAttribute, 0 @InitBinder, 1 RequestBodyAdvice, 1 ResponseBodyAdvice
2023-03-13 12:35:00,938 DEBUG org.springframework.web.servlet.handler.SimpleUrlHandlerMapping [main] Patterns [/swagger-ui/] in 'viewControllerHandlerMapping'
2023-03-13 12:35:00,968 DEBUG org.springframework.web.servlet.handler.SimpleUrlHandlerMapping [main] Patterns [/webjars/**, /**, /swagger-ui/**] in 'resourceHandlerMapping'
2023-03-13 12:35:00,979 DEBUG org.springframework.web.servlet.mvc.method.annotation.ExceptionHandlerExceptionResolver [main] ControllerAdvice beans: 0 @ExceptionHandler, 1 ResponseBodyAdvice
2023-03-13 12:35:01,159 INFO org.apache.juli.logging.DirectJDKLog [main] Starting ProtocolHandler ["http-nio-8082"]
2023-03-13 12:35:01,191 INFO org.springframework.boot.web.embedded.tomcat.TomcatWebServer [main] Tomcat started on port(s): 8082 (http) with context path ''
2023-03-13 12:35:01,709 INFO org.springframework.boot.StartupInfoLogger [main] Started ComponentApplication in 8.901 seconds (JVM running for 10.021)
2023-03-13 12:35:01,714 INFO ma.pfe.ComponentApplication [main] Access URLs:
----------------------------------------------------------
	Local: 		http://127.0.0.1:8082/swagger-ui/#/
	External: 	http://192.168.93.1:8082/swagger-ui/#/
----------------------------------------------------------
2023-03-13 12:35:16,232 INFO org.springframework.orm.jpa.AbstractEntityManagerFactoryBean [SpringApplicationShutdownHook] Closing JPA EntityManagerFactory for persistence unit 'default'
2023-03-13 12:35:16,235 INFO com.zaxxer.hikari.HikariDataSource [SpringApplicationShutdownHook] HikariPool-1 - Shutdown initiated...
2023-03-13 12:35:16,241 INFO com.zaxxer.hikari.HikariDataSource [SpringApplicationShutdownHook] HikariPool-1 - Shutdown completed.
